
SQL*Loader: Release 11.2.0.2.0 - Production on 일 10월 13 17:44:40 2019

Copyright (c) 1982, 2009, Oracle and/or its affiliates.  All rights reserved.

Control File:   address.ctl

There are 17 data files:
Data File:      C:\Users\kwon2\Desktop\db_source\address\Busan.txt
  Bad File:     Busan.bad
  Discard File:  none specified
 
 (Allow all discards)
Data File:      C:\Users\kwon2\Desktop\db_source\address\Chungbuk.txt
  Bad File:     Chungbuk.bad
  Discard File:  none specified
 
 (Allow all discards)
Data File:      C:\Users\kwon2\Desktop\db_source\address\Chungnam.txt
  Bad File:     Chungnam.bad
  Discard File:  none specified
 
 (Allow all discards)
Data File:      C:\Users\kwon2\Desktop\db_source\address\Daegu.txt
  Bad File:     Daegu.bad
  Discard File:  none specified
 
 (Allow all discards)
Data File:      C:\Users\kwon2\Desktop\db_source\address\Daejeon.txt
  Bad File:     Daejeon.bad
  Discard File:  none specified
 
 (Allow all discards)
Data File:      C:\Users\kwon2\Desktop\db_source\address\Gangwon.txt
  Bad File:     Gangwon.bad
  Discard File:  none specified
 
 (Allow all discards)
Data File:      C:\Users\kwon2\Desktop\db_source\address\Gwangju.txt
  Bad File:     Gwangju.bad
  Discard File:  none specified
 
 (Allow all discards)
Data File:      C:\Users\kwon2\Desktop\db_source\address\Incheon.txt
  Bad File:     Incheon.bad
  Discard File:  none specified
 
 (Allow all discards)
Data File:      C:\Users\kwon2\Desktop\db_source\address\Jeju.txt
  Bad File:     Jeju.bad
  Discard File:  none specified
 
 (Allow all discards)
Data File:      C:\Users\kwon2\Desktop\db_source\address\Jeonbuk.txt
  Bad File:     Jeonbuk.bad
  Discard File:  none specified
 
 (Allow all discards)
Data File:      C:\Users\kwon2\Desktop\db_source\address\Jeonnam.txt
  Bad File:     Jeonnam.bad
  Discard File:  none specified
 
 (Allow all discards)
Data File:      C:\Users\kwon2\Desktop\db_source\address\Kyeonggi.txt
  Bad File:     Kyeonggi.bad
  Discard File:  none specified
 
 (Allow all discards)
Data File:      C:\Users\kwon2\Desktop\db_source\address\Kyeongbuk.txt
  Bad File:     Kyeongbuk.bad
  Discard File:  none specified
 
 (Allow all discards)
Data File:      C:\Users\kwon2\Desktop\db_source\address\Kyeongnam.txt
  Bad File:     Kyeongnam.bad
  Discard File:  none specified
 
 (Allow all discards)
Data File:      C:\Users\kwon2\Desktop\db_source\address\Sejong.txt
  Bad File:     Sejong.bad
  Discard File:  none specified
 
 (Allow all discards)
Data File:      C:\Users\kwon2\Desktop\db_source\address\Seoul.txt
  Bad File:     Seoul.bad
  Discard File:  none specified
 
 (Allow all discards)
Data File:      C:\Users\kwon2\Desktop\db_source\address\Ulsan.txt
  Bad File:     Ulsan.bad
  Discard File:  none specified
 
 (Allow all discards)

Number to load: ALL
Number to skip: 0
Errors allowed: ALL
Bind array:     64 rows, maximum of 256000 bytes
Continuation:    none specified
Path used:      Conventional

Table ADDRESS, loaded from every logical record.
Insert option in effect for this table: APPEND
TRAILING NULLCOLS option in effect

   Column Name                  Position   Len  Term Encl Datatype
------------------------------ ---------- ----- ---- ---- ---------------------
MAN_NUM                             FIRST     *   |  O(") CHARACTER            
ROAD_NM_CODE                         NEXT     *   |  O(") CHARACTER            
UMD_SRI_NUM                          NEXT     *   |  O(") CHARACTER            
BASE_WHET                            NEXT     *   |  O(") CHARACTER            
BLDG_PR_NUM                          NEXT     *   |  O(") CHARACTER            
BLDG_SC_NUM                          NEXT     *   |  O(") CHARACTER            
BAS_DIST_NUM                         NEXT     *   |  O(") CHARACTER            
CHG_RSN_CODE                         NEXT     *   |  O(") CHARACTER            
POST_DATE                            NEXT     *   |  O(") CHARACTER            
UMD_NM_ROM                           NEXT     *   |  O(") CHARACTER            
CHG_BF_ROAD_NM_ADDR                  NEXT     *   |  O(") CHARACTER            
DTAL_ADDR_GIVE_WHET                  NEXT     *   |  O(") CHARACTER            


Table ADDRESS:
  6282687 Rows successfully loaded.
  0 Rows not loaded due to data errors.
  0 Rows not loaded because all WHEN clauses were failed.
  0 Rows not loaded because all fields were null.


Space allocated for bind array:                 198144 bytes(64 rows)
Read   buffer bytes: 1048576

Total logical records skipped:          0
Total logical records read:       6282687
Total logical records rejected:         0
Total logical records discarded:        0

Run began on 일 10월 13 17:44:40 2019
Run ended on 일 10월 13 17:48:35 2019

Elapsed time was:     00:03:55.00
CPU time was:         00:00:54.39
